<?xml version="1.0" encoding="UTF-8"?>
<robot generator="Robot 7.3.2 (Python 3.12.6 on win32)" generated="2025-12-28T15:08:51.416000" rpa="false" schemaversion="5">
<suite id="s1" name="Page Objects" source="C:\Users\Ikechukwu Agbarakwe\Documents\Learning\learn-robotframework\robotframework_demo\page_objects">
<suite id="s1-s1" name="Login Page Tests" source="C:\Users\Ikechukwu Agbarakwe\Documents\Learning\learn-robotframework\robotframework_demo\page_objects\login_page_tests.robot">
<test id="s1-s1-t1" name="Validate Unsuccessful Login With Blank Username" line="20">
<kw name="Open The Browser With URL" owner="generic" type="SETUP">
<kw name="New Browser" owner="Browser">
<msg time="2025-12-28T15:08:52.146251" level="INFO">{"browser": "chromium", "headless": false, "chromiumSandbox": false, "devtools": false, "executablePath": "C:\\Users\\Ikechukwu Agbarakwe\\AppData\\Local\\ms-playwright\\chromium-1179\\chrome-win\\chrome.exe", "handleSIGHUP": true, "handleSIGINT": true, "handleSIGTERM": true, "slowMo": 0.0, "timeout": 30000.0, "tracesDir": "C:\\Users\\Ikechukwu Agbarakwe\\Documents\\Learning\\learn-robotframework\\robotframework_demo\\pabot_results\\3\\browser\\traces\\temp\\764fe231-70c9-4343-a386-4f0cd706d89e"}</msg>
<msg time="2025-12-28T15:08:54.160882" level="INFO">Starting Browser process C:\Users\Ikechukwu Agbarakwe\Documents\Learning\learn-robotframework\robotframework_demo\.venv\Lib\site-packages\Browser\wrapper\index.js using at 127.0.0.1:64844</msg>
<msg time="2025-12-28T15:08:57.911959" level="INFO">Successfully created browser with options: {"browser":"chromium","headless":false,"chromiumSandbox":false,"devtools":false,"executablePath":"C:\\Users\\Ikechukwu Agbarakwe\\AppData\\Local\\ms-playwright\\chromium-1179\\chrome-win\\chrome.exe","handleSIGHUP":true,"handleSIGINT":true,"handleSIGTERM":true,"slowMo":0,"timeout":30000,"tracesDir":"C:\\Users\\Ikechukwu Agbarakwe\\Documents\\Learning\\learn-robotframework\\robotframework_demo\\pabot_results\\3\\browser\\traces\\temp\\764fe231-70c9-4343-a386-4f0cd706d89e"}</msg>
<arg>browser=${BROWSER}</arg>
<arg>executablePath=C:\\Users\\Ikechukwu Agbarakwe\\AppData\\Local\\ms-playwright\\chromium-1179\\chrome-win\\chrome.exe</arg>
<arg>headless=False</arg>
<tag>BrowserControl</tag>
<tag>Setter</tag>
<doc>Create a new playwright Browser with specified options.</doc>
<status status="PASS" start="2025-12-28T15:08:52.145242" elapsed="5.766717"/>
</kw>
<kw name="New Page" owner="Browser">
<msg time="2025-12-28T15:09:04.734892" level="INFO">Successfully initialized new page object and opened url: https://opensource-demo.orangehrmlive.com/web/index.php/auth/login</msg>
<msg time="2025-12-28T15:09:04.734892" level="INFO">No context was open. New context was automatically opened when this page is created.</msg>
<arg>${URL}</arg>
<tag>BrowserControl</tag>
<tag>Setter</tag>
<doc>Open a new Page.</doc>
<status status="PASS" start="2025-12-28T15:08:57.911959" elapsed="6.823929"/>
</kw>
<kw name="Set Viewport Size" owner="Browser">
<msg time="2025-12-28T15:09:04.757620" level="INFO">Set viewport size to: [object Object]</msg>
<arg>width=1536</arg>
<arg>height=816</arg>
<tag>BrowserControl</tag>
<tag>Setter</tag>
<doc>Sets current Pages viewport size to specified dimensions.</doc>
<status status="PASS" start="2025-12-28T15:09:04.735888" elapsed="0.021732"/>
</kw>
<doc>Opens the browser and navigates to the specified URL</doc>
<status status="PASS" start="2025-12-28T15:08:52.144044" elapsed="12.613576"/>
</kw>
<kw name="Fill The Login Form" owner="login">
<kw name="Fill Text" owner="Browser">
<msg time="2025-12-28T15:09:04.764135" level="INFO">Fills the text '' in the given field.</msg>
<arg>css=input[name="username"]</arg>
<arg>${username}</arg>
<tag>PageContent</tag>
<tag>Setter</tag>
<doc>Clears and fills the given ``txt`` into the text field found by ``selector``.</doc>
<status status="PASS" start="2025-12-28T15:09:04.763135" elapsed="0.893036"/>
</kw>
<kw name="Fill Text" owner="Browser">
<msg time="2025-12-28T15:09:05.657172" level="INFO">Fills the text 'admin123' in the given field.</msg>
<arg>css=input[name="password"]</arg>
<arg>${password}</arg>
<tag>PageContent</tag>
<tag>Setter</tag>
<doc>Clears and fills the given ``txt`` into the text field found by ``selector``.</doc>
<status status="PASS" start="2025-12-28T15:09:05.656171" elapsed="0.043374"/>
</kw>
<kw name="Click" owner="Browser">
<msg time="2025-12-28T15:09:05.704009" level="INFO">Clicks the element 'css=button[type="submit"]'.</msg>
<arg>css=button[type="submit"]</arg>
<tag>PageContent</tag>
<tag>Setter</tag>
<doc>Simulates mouse click on the element found by ``selector``.</doc>
<status status="PASS" start="2025-12-28T15:09:05.700048" elapsed="0.070585"/>
</kw>
<arg>${BLANK_USERNAME}</arg>
<arg>${VALID_PASSWORD}</arg>
<doc>Fill the login form with given username and password.</doc>
<status status="PASS" start="2025-12-28T15:09:04.762135" elapsed="1.008498"/>
</kw>
<kw name="Verify Missing Username Error Message" owner="login">
<kw name="Get Text" owner="Browser">
<msg time="2025-12-28T15:09:05.822318" level="INFO">Text: 'Required'</msg>
<arg>${MISSING_USERNAME_ERROR_MSG}</arg>
<arg>==</arg>
<arg>Required</arg>
<tag>Assertion</tag>
<tag>Getter</tag>
<tag>PageContent</tag>
<doc>Returns text attribute of the element found by ``selector``.</doc>
<status status="PASS" start="2025-12-28T15:09:05.771646" elapsed="0.051673"/>
</kw>
<doc>Verify that the missing username error message is displayed correctly.</doc>
<status status="PASS" start="2025-12-28T15:09:05.771646" elapsed="0.051673"/>
</kw>
<kw name="Close Browser Session" owner="generic" type="TEARDOWN">
<kw name="Close Browser" owner="Browser">
<msg time="2025-12-28T15:09:06.702939" level="INFO">Closed browser</msg>
<tag>BrowserControl</tag>
<tag>Setter</tag>
<doc>Closes the current browser.</doc>
<status status="PASS" start="2025-12-28T15:09:05.828340" elapsed="0.874599"/>
</kw>
<doc>Closes the browser session</doc>
<status status="PASS" start="2025-12-28T15:09:05.823319" elapsed="0.881026"/>
</kw>
<doc>Test to validate unsuccessful login with blank username.</doc>
<status status="PASS" start="2025-12-28T15:08:52.143091" elapsed="14.562265"/>
</test>
<doc>Tests to login to Login Page</doc>
<status status="PASS" start="2025-12-28T15:08:51.491657" elapsed="15.275454"/>
</suite>
<status status="PASS" start="2025-12-28T15:08:51.459715" elapsed="15.322790"/>
</suite>
<statistics>
<total>
<stat pass="1" fail="0" skip="0">All Tests</stat>
</total>
<tag>
</tag>
<suite>
<stat name="Page Objects" id="s1" pass="1" fail="0" skip="0">Page Objects</stat>
<stat name="Login Page Tests" id="s1-s1" pass="1" fail="0" skip="0">Page Objects.Login Page Tests</stat>
</suite>
</statistics>
<errors>
</errors>
</robot>
