<?xml version="1.0" encoding="UTF-8"?>
<robot generator="Robot 7.3.2 (Python 3.12.6 on win32)" generated="2025-12-28T15:08:51.092473" rpa="false" schemaversion="5">
<suite id="s1" name="Page Objects" source="C:\Users\Ikechukwu Agbarakwe\Documents\Learning\learn-robotframework\robotframework_demo\page_objects">
<suite id="s1-s1" name="Login Page Tests" source="C:\Users\Ikechukwu Agbarakwe\Documents\Learning\learn-robotframework\robotframework_demo\page_objects\login_page_tests.robot">
<test id="s1-s1-t1" name="Validate Successful Login With Valid Credentials" line="30">
<kw name="Open The Browser With URL" owner="generic" type="SETUP">
<kw name="New Browser" owner="Browser">
<msg time="2025-12-28T15:08:51.853829" level="INFO">{"browser": "chromium", "headless": false, "chromiumSandbox": false, "devtools": false, "executablePath": "C:\\Users\\Ikechukwu Agbarakwe\\AppData\\Local\\ms-playwright\\chromium-1179\\chrome-win\\chrome.exe", "handleSIGHUP": true, "handleSIGINT": true, "handleSIGTERM": true, "slowMo": 0.0, "timeout": 30000.0, "tracesDir": "C:\\Users\\Ikechukwu Agbarakwe\\Documents\\Learning\\learn-robotframework\\robotframework_demo\\pabot_results\\5\\browser\\traces\\temp\\aa0de339-dea1-4eff-841a-f8bcf135cb6c"}</msg>
<msg time="2025-12-28T15:08:54.154949" level="INFO">Starting Browser process C:\Users\Ikechukwu Agbarakwe\Documents\Learning\learn-robotframework\robotframework_demo\.venv\Lib\site-packages\Browser\wrapper\index.js using at 127.0.0.1:64841</msg>
<msg time="2025-12-28T15:08:57.829579" level="INFO">Successfully created browser with options: {"browser":"chromium","headless":false,"chromiumSandbox":false,"devtools":false,"executablePath":"C:\\Users\\Ikechukwu Agbarakwe\\AppData\\Local\\ms-playwright\\chromium-1179\\chrome-win\\chrome.exe","handleSIGHUP":true,"handleSIGINT":true,"handleSIGTERM":true,"slowMo":0,"timeout":30000,"tracesDir":"C:\\Users\\Ikechukwu Agbarakwe\\Documents\\Learning\\learn-robotframework\\robotframework_demo\\pabot_results\\5\\browser\\traces\\temp\\aa0de339-dea1-4eff-841a-f8bcf135cb6c"}</msg>
<arg>browser=${BROWSER}</arg>
<arg>executablePath=C:\\Users\\Ikechukwu Agbarakwe\\AppData\\Local\\ms-playwright\\chromium-1179\\chrome-win\\chrome.exe</arg>
<arg>headless=False</arg>
<tag>BrowserControl</tag>
<tag>Setter</tag>
<doc>Create a new playwright Browser with specified options.</doc>
<status status="PASS" start="2025-12-28T15:08:51.852334" elapsed="5.977767"/>
</kw>
<kw name="New Page" owner="Browser">
<msg time="2025-12-28T15:09:07.798390" level="INFO">Successfully initialized new page object and opened url: https://opensource-demo.orangehrmlive.com/web/index.php/auth/login</msg>
<msg time="2025-12-28T15:09:07.798390" level="INFO">No context was open. New context was automatically opened when this page is created.</msg>
<arg>${URL}</arg>
<tag>BrowserControl</tag>
<tag>Setter</tag>
<doc>Open a new Page.</doc>
<status status="PASS" start="2025-12-28T15:08:57.830101" elapsed="9.968289"/>
</kw>
<kw name="Set Viewport Size" owner="Browser">
<msg time="2025-12-28T15:09:07.834995" level="INFO">Set viewport size to: [object Object]</msg>
<arg>width=1536</arg>
<arg>height=816</arg>
<tag>BrowserControl</tag>
<tag>Setter</tag>
<doc>Sets current Pages viewport size to specified dimensions.</doc>
<status status="PASS" start="2025-12-28T15:09:07.799399" elapsed="0.035596"/>
</kw>
<doc>Opens the browser and navigates to the specified URL</doc>
<status status="PASS" start="2025-12-28T15:08:51.851316" elapsed="15.984185"/>
</kw>
<kw name="Fill The Login Form" owner="login">
<kw name="Fill Text" owner="Browser">
<msg time="2025-12-28T15:09:07.837512" level="INFO">Fills the text 'Admin' in the given field.</msg>
<arg>css=input[name="username"]</arg>
<arg>${username}</arg>
<tag>PageContent</tag>
<tag>Setter</tag>
<doc>Clears and fills the given ``txt`` into the text field found by ``selector``.</doc>
<status status="PASS" start="2025-12-28T15:09:07.837512" elapsed="1.164512"/>
</kw>
<kw name="Fill Text" owner="Browser">
<msg time="2025-12-28T15:09:09.004053" level="INFO">Fills the text 'admin123' in the given field.</msg>
<arg>css=input[name="password"]</arg>
<arg>${password}</arg>
<tag>PageContent</tag>
<tag>Setter</tag>
<doc>Clears and fills the given ``txt`` into the text field found by ``selector``.</doc>
<status status="PASS" start="2025-12-28T15:09:09.003023" elapsed="0.028983"/>
</kw>
<kw name="Click" owner="Browser">
<msg time="2025-12-28T15:09:09.034373" level="INFO">Clicks the element 'css=button[type="submit"]'.</msg>
<arg>css=button[type="submit"]</arg>
<tag>PageContent</tag>
<tag>Setter</tag>
<doc>Simulates mouse click on the element found by ``selector``.</doc>
<status status="PASS" start="2025-12-28T15:09:09.033258" elapsed="1.917719"/>
</kw>
<arg>${VALID_USERNAME}</arg>
<arg>${VALID_PASSWORD}</arg>
<doc>Fill the login form with given username and password.</doc>
<status status="PASS" start="2025-12-28T15:09:07.835501" elapsed="3.115476"/>
</kw>
<kw name="Verify Dashboard Page Is Open" owner="dashboard">
<kw name="Get Text" owner="Browser">
<msg time="2025-12-28T15:09:11.572633" level="INFO">Text: 'Dashboard'</msg>
<arg>${DASHBOARD_TITLE}</arg>
<arg>should be</arg>
<arg>Dashboard</arg>
<tag>Assertion</tag>
<tag>Getter</tag>
<tag>PageContent</tag>
<doc>Returns text attribute of the element found by ``selector``.</doc>
<status status="PASS" start="2025-12-28T15:09:10.951987" elapsed="0.621111"/>
</kw>
<doc>Verify that the dashboard page is open by checking the dashboard title.</doc>
<status status="PASS" start="2025-12-28T15:09:10.951987" elapsed="0.621111"/>
</kw>
<kw name="Close Browser Session" owner="generic" type="TEARDOWN">
<kw name="Close Browser" owner="Browser">
<msg time="2025-12-28T15:09:13.293805" level="INFO">Closed browser</msg>
<tag>BrowserControl</tag>
<tag>Setter</tag>
<doc>Closes the current browser.</doc>
<status status="PASS" start="2025-12-28T15:09:11.575097" elapsed="1.719710"/>
</kw>
<doc>Closes the browser session</doc>
<status status="PASS" start="2025-12-28T15:09:11.574096" elapsed="1.720711"/>
</kw>
<doc>Test to validate successful login with valid credentials.</doc>
<status status="PASS" start="2025-12-28T15:08:51.849746" elapsed="21.445061"/>
</test>
<doc>Tests to login to Login Page</doc>
<status status="PASS" start="2025-12-28T15:08:51.155842" elapsed="22.149892"/>
</suite>
<status status="PASS" start="2025-12-28T15:08:51.128632" elapsed="22.186325"/>
</suite>
<statistics>
<total>
<stat pass="1" fail="0" skip="0">All Tests</stat>
</total>
<tag>
</tag>
<suite>
<stat name="Page Objects" id="s1" pass="1" fail="0" skip="0">Page Objects</stat>
<stat name="Login Page Tests" id="s1-s1" pass="1" fail="0" skip="0">Page Objects.Login Page Tests</stat>
</suite>
</statistics>
<errors>
</errors>
</robot>
