<?xml version="1.0" encoding="UTF-8"?>
<robot generator="Robot 7.3.2 (Python 3.12.6 on win32)" generated="2025-12-23T17:17:48.611891" rpa="false" schemaversion="5">
<suite id="s1" name="Robotframework Demo" source="c:\Users\Ikechukwu Agbarakwe\Documents\Learning\learn-robotframework\robotframework_demo">
<suite id="s1-s1" name="Tests" source="c:\Users\Ikechukwu Agbarakwe\Documents\Learning\learn-robotframework\robotframework_demo\tests">
<suite id="s1-s1-s1" name="Login Page" source="c:\Users\Ikechukwu Agbarakwe\Documents\Learning\learn-robotframework\robotframework_demo\tests\login_page.robot">
<test id="s1-s1-s1-t1" name="Validate Successful Login" line="18">
<kw name="Set Browser Timeout" owner="Browser" type="SETUP">
<msg time="2025-12-23T17:17:49.168013" level="INFO">Starting Browser process c:\Users\Ikechukwu Agbarakwe\Documents\Learning\learn-robotframework\robotframework_demo\.venv\Lib\site-packages\Browser\wrapper\index.js using at 127.0.0.1:58704</msg>
<arg>30</arg>
<tag>Config</tag>
<tag>Setter</tag>
<doc>Sets the timeout used by most input and getter keywords.</doc>
<status status="PASS" start="2025-12-23T17:17:49.054101" elapsed="1.718803"/>
</kw>
<kw name="Open The Browser With URL" owner="keywords">
<if>
<branch type="IF" condition="$BROWSER == 'chromium'">
<kw name="New Browser" owner="Browser">
<msg time="2025-12-23T17:17:50.775722" level="INFO">{"browser": "chromium", "headless": false, "chromiumSandbox": false, "devtools": false, "executablePath": "C:\\Users\\Ikechukwu Agbarakwe\\AppData\\Local\\ms-playwright\\chromium-1179\\chrome-win\\chrome.exe", "handleSIGHUP": true, "handleSIGINT": true, "handleSIGTERM": true, "slowMo": 0.0, "timeout": 30000.0, "tracesDir": "c:\\Users\\Ikechukwu Agbarakwe\\Documents\\Learning\\learn-robotframework\\robotframework_demo\\results\\browser\\traces\\temp\\18f95c98-dabc-4790-867c-d8a18a12c897"}</msg>
<msg time="2025-12-23T17:17:51.307338" level="INFO">Successfully created browser with options: {"browser":"chromium","headless":false,"chromiumSandbox":false,"devtools":false,"executablePath":"C:\\Users\\Ikechukwu Agbarakwe\\AppData\\Local\\ms-playwright\\chromium-1179\\chrome-win\\chrome.exe","handleSIGHUP":true,"handleSIGINT":true,"handleSIGTERM":true,"slowMo":0,"timeout":30000,"tracesDir":"c:\\Users\\Ikechukwu Agbarakwe\\Documents\\Learning\\learn-robotframework\\robotframework_demo\\results\\browser\\traces\\temp\\18f95c98-dabc-4790-867c-d8a18a12c897"}</msg>
<arg>browser=${BROWSER}</arg>
<arg>headless=False</arg>
<arg>executablePath=${CHROME_EXECUTABLE_PATH}</arg>
<tag>BrowserControl</tag>
<tag>Setter</tag>
<doc>Create a new playwright Browser with specified options.</doc>
<status status="PASS" start="2025-12-23T17:17:50.775722" elapsed="0.533623"/>
</kw>
<status status="PASS" start="2025-12-23T17:17:50.775722" elapsed="0.534145"/>
</branch>
<branch type="ELSE IF" condition="$BROWSER == 'firefox'">
<kw name="New Browser" owner="Browser">
<arg>browser=${BROWSER}</arg>
<arg>headless=False</arg>
<arg>executablePath=${FIREFOX_EXECUTABLE_PATH}</arg>
<tag>BrowserControl</tag>
<tag>Setter</tag>
<doc>Create a new playwright Browser with specified options.</doc>
<status status="NOT RUN" start="2025-12-23T17:17:51.309867" elapsed="0.000000"/>
</kw>
<status status="NOT RUN" start="2025-12-23T17:17:51.309867" elapsed="0.001469"/>
</branch>
<status status="PASS" start="2025-12-23T17:17:50.775722" elapsed="0.535614"/>
</if>
<if>
<branch type="IF" condition="$WEB_URL">
<kw name="New Page" owner="Browser">
<arg>${WEB_URL}</arg>
<tag>BrowserControl</tag>
<tag>Setter</tag>
<doc>Open a new Page.</doc>
<status status="NOT RUN" start="2025-12-23T17:17:51.311336" elapsed="0.001505"/>
</kw>
<status status="NOT RUN" start="2025-12-23T17:17:51.311336" elapsed="0.007556"/>
</branch>
<branch type="ELSE">
<kw name="New Page" owner="Browser">
<msg time="2025-12-23T17:17:56.405629" level="INFO">Successfully initialized new page object and opened url: https://opensource-demo.orangehrmlive.com/web/index.php/auth/login</msg>
<msg time="2025-12-23T17:17:56.407091" level="INFO">No context was open. New context was automatically opened when this page is created.</msg>
<arg>${URL}</arg>
<tag>BrowserControl</tag>
<tag>Setter</tag>
<doc>Open a new Page.</doc>
<status status="PASS" start="2025-12-23T17:17:51.320288" elapsed="5.086803"/>
</kw>
<status status="PASS" start="2025-12-23T17:17:51.318892" elapsed="5.089217"/>
</branch>
<status status="PASS" start="2025-12-23T17:17:51.311336" elapsed="5.096773"/>
</if>
<arg>chromium</arg>
<doc>Opens the browser and navigates to the specified URL</doc>
<status status="PASS" start="2025-12-23T17:17:50.775722" elapsed="5.632387"/>
</kw>
<kw name="Fill The Login Form" owner="keywords">
<kw name="Type Text" owner="Browser">
<msg time="2025-12-23T17:17:56.411106" level="INFO">Types the text 'Admin' in the given field.</msg>
<arg>css=input[name="username"]</arg>
<arg>${username}</arg>
<tag>PageContent</tag>
<tag>Setter</tag>
<doc>Types the given ``txt`` into the text field found by ``selector``.</doc>
<status status="PASS" start="2025-12-23T17:17:56.410107" elapsed="0.972302"/>
</kw>
<kw name="Type Text" owner="Browser">
<msg time="2025-12-23T17:17:57.384921" level="INFO">Types the text 'admin123' in the given field.</msg>
<arg>css=input[name="password"]</arg>
<arg>${password}</arg>
<tag>PageContent</tag>
<tag>Setter</tag>
<doc>Types the given ``txt`` into the text field found by ``selector``.</doc>
<status status="PASS" start="2025-12-23T17:17:57.382914" elapsed="0.065095"/>
</kw>
<kw name="Click" owner="Browser">
<msg time="2025-12-23T17:17:57.449544" level="INFO">Clicks the element 'css=.orangehrm-login-button'.</msg>
<arg>css=.orangehrm-login-button</arg>
<tag>PageContent</tag>
<tag>Setter</tag>
<doc>Simulates mouse click on the element found by ``selector``.</doc>
<status status="PASS" start="2025-12-23T17:17:57.448533" elapsed="1.140606"/>
</kw>
<arg>username=Admin</arg>
<arg>password=admin123</arg>
<doc>Fills the login form with provided username and password</doc>
<status status="PASS" start="2025-12-23T17:17:56.409103" elapsed="2.181032"/>
</kw>
<kw name="Verify Dashboard Page Opens" owner="keywords">
<kw name="Get Text" owner="Browser">
<msg time="2025-12-23T17:17:59.016611" level="INFO">Text: 'Dashboard'</msg>
<arg>${DASHBOARD_TEXT}</arg>
<arg>==</arg>
<arg>Dashboard</arg>
<tag>Assertion</tag>
<tag>Getter</tag>
<tag>PageContent</tag>
<doc>Returns text attribute of the element found by ``selector``.</doc>
<status status="PASS" start="2025-12-23T17:17:58.591137" elapsed="0.425474"/>
</kw>
<doc>Verifies that the user logged in successfully by checking for the dashboard</doc>
<status status="PASS" start="2025-12-23T17:17:58.590135" elapsed="0.426476"/>
</kw>
<kw name="Close Browser Session" owner="keywords" type="TEARDOWN">
<kw name="Close Browser" owner="Browser">
<msg time="2025-12-23T17:17:59.568700" level="INFO">Closed browser</msg>
<arg>CURRENT</arg>
<tag>BrowserControl</tag>
<tag>Setter</tag>
<doc>Closes the current browser.</doc>
<status status="PASS" start="2025-12-23T17:17:59.016611" elapsed="0.553117"/>
</kw>
<doc>Closes the browser's page, context and window</doc>
<status status="PASS" start="2025-12-23T17:17:59.016611" elapsed="0.553117"/>
</kw>
<doc>Login with valid credentials</doc>
<status status="PASS" start="2025-12-23T17:17:49.051140" elapsed="10.519823"/>
</test>
<doc>Tests to login in the Login Page</doc>
<status status="PASS" start="2025-12-23T17:17:48.692687" elapsed="10.899416"/>
</suite>
<status status="PASS" start="2025-12-23T17:17:48.678881" elapsed="10.938341"/>
</suite>
<status status="PASS" start="2025-12-23T17:17:48.620900" elapsed="11.022928"/>
</suite>
<statistics>
<total>
<stat pass="1" fail="0" skip="0">All Tests</stat>
</total>
<tag>
</tag>
<suite>
<stat name="Robotframework Demo" id="s1" pass="1" fail="0" skip="0">Robotframework Demo</stat>
<stat name="Tests" id="s1-s1" pass="1" fail="0" skip="0">Robotframework Demo.Tests</stat>
<stat name="Login Page" id="s1-s1-s1" pass="1" fail="0" skip="0">Robotframework Demo.Tests.Login Page</stat>
</suite>
</statistics>
<errors>
</errors>
</robot>
